AAAA
AABA
ABAA
ABBA
ACAA
ACBA
ADAA
ADBA
AEAA
AEBA
AFAA
AFBA
AGAA
AGBA
AHAA
AHBA
AIAA
AIBA
AJAA
AJBA
AKAA
AKBA
ALAA
ALBA
AMAA
AMBA
ANAA
AOAA
APAA
AQAA
ARAA
ASAA
ATAA
AUAA
AVAA
AWAA
AXAA
AYAA
AZAA
BAAA
BABA
BBAA
BBBA
BCAA
BCBA
BDAA
BDBA
BEAA
BEBA
BFAA
BFBA
BGAA
BGBA
BHAA
BHBA
BIAA
BIBA
BJAA
BJBA
BKAA
BKBA
BLAA
BLBA
BMAA
BMBA
BNAA
BOAA
BPAA
BQAA
BRAA
BSAA
BTAA
BUAA
BVAA
BWAA
BXAA
BYAA
BZAA
CAAA
CABA
CBAA
CBBA
CCAA
CCBA
CDAA
CDBA
CEAA
CEBA
CFAA
CFBA
CGAA
CGBA
CHAA
CHBA
CIAA
CIBA
CJAA
CJBA
CKAA
CKBA
CLAA
CLBA
CMAA
CMBA
CNAA
COAA
CPAA
CQAA
CRAA
CSAA
CTAA
CUAA
CVAA
CWAA
CXAA
CYAA
CZAA
DAAA
DABA
DBAA
DBBA
DCAA
DCBA
DDAA
DDBA
DEAA
DEBA
DFAA
DFBA
DGAA
DGBA
DHAA
DHBA
DIAA
DIBA
DJAA
DJBA
DKAA
DKBA
DLAA
DLBA
DMAA
DMBA
DNAA
DOAA
DPAA
DQAA
DRAA
DSAA
DTAA
DUAA
DVAA
DWAA
DXAA
DYAA
DZAA
EAAA
EABA
EBAA
EBBA
ECAA
ECBA
EDAA
EDBA
EEAA
EEBA
EFAA
EFBA
EGAA
EGBA
EHAA
EHBA
EIAA
EIBA
EJAA
EJBA
EKAA
EKBA
ELAA
ELBA
EMAA
EMBA
ENAA
EOAA
EPAA
EQAA
ERAA
ESAA
ETAA
EUAA
EVAA
EWAA
EXAA
EYAA
EZAA
FAAA
FABA
FBAA
FBBA
FCAA
FCBA
FDAA
FDBA
FEAA
FEBA
FFAA
FFBA
FGAA
FGBA
FHAA
FHBA
FIAA
FIBA
FJAA
FJBA
FKAA
FKBA
FLAA
FLBA
FMAA
FMBA
FNAA
FOAA
FPAA
FQAA
FRAA
FSAA
FTAA
FUAA
FVAA
FWAA
FXAA
FYAA
FZAA
GAAA
GABA
GBAA
GBBA
GCAA
GCBA
GDAA
GDBA
GEAA
GEBA
GFAA
GFBA
GGAA
GGBA
GHAA
GHBA
GIAA
GIBA
GJAA
GJBA
GKAA
GKBA
GLAA
GLBA
GMAA
GMBA
GNAA
GOAA
GPAA
GQAA
GRAA
GSAA
GTAA
GUAA
GVAA
GWAA
GXAA
GYAA
GZAA
HAAA
HABA
HBAA
HBBA
HCAA
HCBA
HDAA
HDBA
HEAA
HEBA
HFAA
HFBA
HGAA
HGBA
HHAA
HHBA
HIAA
HIBA
HJAA
HJBA
HKAA
HKBA
HLAA
HLBA
HMAA
HMBA
HNAA
HOAA
HPAA
HQAA
HRAA
HSAA
HTAA
HUAA
HVAA
HWAA
HXAA
HYAA
HZAA
IAAA
IABA
IBAA
IBBA
ICAA
ICBA
IDAA
IDBA
IEAA
IEBA
IFAA
IFBA
IGAA
IGBA
IHAA
IHBA
IIAA
IIBA
IJAA
IJBA
IKAA
IKBA
ILAA
ILBA
IMAA
IMBA
INAA
IOAA
IPAA
IQAA
IRAA
ISAA
ITAA
IUAA
IVAA
IWAA
IXAA
IYAA
IZAA
JAAA
JABA
JBAA
JBBA
JCAA
JCBA
JDAA
JDBA
JEAA
JEBA
JFAA
JFBA
JGAA
JGBA
JHAA
JHBA
JIAA
JIBA
JJAA
JJBA
JKAA
JKBA
JLAA
JLBA
JMAA
JMBA
JNAA
JOAA
JPAA
JQAA
JRAA
JSAA
JTAA
JUAA
JVAA
JWAA
JXAA
JYAA
JZAA
KAAA
KABA
KBAA
KBBA
KCAA
KCBA
KDAA
KDBA
KEAA
KEBA
KFAA
KFBA
KGAA
KGBA
KHAA
KHBA
KIAA
KIBA
KJAA
KJBA
KKAA
KKBA
KLAA
KLBA
KMAA
KMBA
KNAA
KOAA
KPAA
KQAA
KRAA
KSAA
KTAA
KUAA
KVAA
KWAA
KXAA
KYAA
KZAA
LAAA
LABA
LBAA
LBBA
LCAA
LCBA
LDAA
LDBA
LEAA
LEBA
LFAA
LFBA
LGAA
LGBA
LHAA
LHBA
LIAA
LIBA
LJAA
LJBA
LKAA
LKBA
LLAA
LLBA
LMAA
LMBA
LNAA
LOAA
LPAA
LQAA
LRAA
LSAA
LTAA
LUAA
LVAA
LWAA
LXAA
LYAA
LZAA
MAAA
MABA
MBAA
MBBA
MCAA
MCBA
MDAA
MDBA
MEAA
MEBA
MFAA
MFBA
MGAA
MGBA
MHAA
MHBA
MIAA
MIBA
MJAA
MJBA
MKAA
MKBA
MLAA
MLBA
MMAA
MNAA
MOAA
MPAA
MQAA
MRAA
MSAA
MTAA
MUAA
MVAA
MWAA
MXAA
MYAA
MZAA
NAAA
NABA
NBAA
NBBA
NCAA
NCBA
NDAA
NDBA
NEAA
NEBA
NFAA
NFBA
NGAA
NGBA
NHAA
NHBA
NIAA
NIBA
NJAA
NJBA
NKAA
NKBA
NLAA
NLBA
NMAA
NNAA
NOAA
NPAA
NQAA
NRAA
NSAA
NTAA
NUAA
NVAA
NWAA
NXAA
NYAA
NZAA
OAAA
OABA
OBAA
OBBA
OCAA
OCBA
ODAA
ODBA
OEAA
OEBA
OFAA
OFBA
OGAA
OGBA
OHAA
OHBA
OIAA
OIBA
OJAA
OJBA
OKAA
OKBA
OLAA
OLBA
OMAA
ONAA
OOAA
OPAA
OQAA
ORAA
OSAA
OTAA
OUAA
OVAA
OWAA
OXAA
OYAA
OZAA
PAAA
PABA
PBAA
PBBA
PCAA
PCBA
PDAA
PDBA
PEAA
PEBA
PFAA
PFBA
PGAA
PGBA
PHAA
PHBA
PIAA
PIBA
PJAA
PJBA
PKAA
PKBA
PLAA
PLBA
PMAA
PNAA
POAA
PPAA
PQAA
PRAA
PSAA
PTAA
PUAA
PVAA
PWAA
PXAA
PYAA
PZAA
QAAA
QABA
QBAA
QBBA
QCAA
QCBA
QDAA
QDBA
QEAA
QEBA
QFAA
QFBA
QGAA
QGBA
QHAA
QHBA
QIAA
QIBA
QJAA
QJBA
QKAA
QKBA
QLAA
QLBA
QMAA
QNAA
QOAA
QPAA
QQAA
QRAA
QSAA
QTAA
QUAA
QVAA
QWAA
QXAA
QYAA
QZAA
RAAA
RABA
RBAA
RBBA
RCAA
RCBA
RDAA
RDBA
REAA
REBA
RFAA
RFBA
RGAA
RGBA
RHAA
RHBA
RIAA
RIBA
RJAA
RJBA
RKAA
RKBA
RLAA
RLBA
RMAA
RNAA
ROAA
RPAA
RQAA
RRAA
RSAA
RTAA
RUAA
RVAA
RWAA
RXAA
RYAA
RZAA
SAAA
SABA
SBAA
SBBA
SCAA
SCBA
SDAA
SDBA
SEAA
SEBA
SFAA
SFBA
SGAA
SGBA
SHAA
SHBA
SIAA
SIBA
SJAA
SJBA
SKAA
SKBA
SLAA
SLBA
SMAA
SNAA
SOAA
SPAA
SQAA
SRAA
SSAA
STAA
SUAA
SVAA
SWAA
SXAA
SYAA
SZAA
TAAA
TABA
TBAA
TBBA
TCAA
TCBA
TDAA
TDBA
TEAA
TEBA
TFAA
TFBA
TGAA
TGBA
THAA
THBA
TIAA
TIBA
TJAA
TJBA
TKAA
TKBA
TLAA
TLBA
TMAA
TNAA
TOAA
TPAA
TQAA
TRAA
TSAA
TTAA
TUAA
TVAA
TWAA
TXAA
TYAA
TZAA
UAAA
UABA
UBAA
UBBA
UCAA
UCBA
UDAA
UDBA
UEAA
UEBA
UFAA
UFBA
UGAA
UGBA
UHAA
UHBA
UIAA
UIBA
UJAA
UJBA
UKAA
UKBA
ULAA
ULBA
UMAA
UNAA
UOAA
UPAA
UQAA
URAA
USAA
UTAA
UUAA
UVAA
UWAA
UXAA
UYAA
UZAA
VAAA
VABA
VBAA
VBBA
VCAA
VCBA
VDAA
VDBA
VEAA
VEBA
VFAA
VFBA
VGAA
VGBA
VHAA
VHBA
VIAA
VIBA
VJAA
VJBA
VKAA
VKBA
VLAA
VLBA
VMAA
VNAA
VOAA
VPAA
VQAA
VRAA
VSAA
VTAA
VUAA
VVAA
VWAA
VXAA
VYAA
VZAA
WAAA
WABA
WBAA
WBBA
WCAA
WCBA
WDAA
WDBA
WEAA
WEBA
WFAA
WFBA
WGAA
WGBA
WHAA
WHBA
WIAA
WIBA
WJAA
WJBA
WKAA
WKBA
WLAA
WLBA
WMAA
WNAA
WOAA
WPAA
WQAA
WRAA
WSAA
WTAA
WUAA
WVAA
WWAA
WXAA
WYAA
WZAA
XAAA
XABA
XBAA
XBBA
XCAA
XCBA
XDAA
XDBA
XEAA
XEBA
XFAA
XFBA
XGAA
XGBA
ZCAA
ZCBA
ZDAA
ZDBA
ZEAA
ZEBA
XHAA
XHBA
XIAA
XIBA
XJAA
XJBA
XKAA
XKBA
XLAA
XLBA
XMAA
XNAA
XOAA
XPAA
XQAA
XRAA
XSAA
XTAA
XUAA
XVAA
XWAA
XXAA
XYAA
XZAA
YAAA
YABA
YBAA
YBBA
YCAA
YCBA
YDAA
YDBA
YEAA
YEBA
YFAA
YFBA
YGAA
YGBA
YHAA
YHBA
YIAA
YIBA
YJAA
YJBA
YKAA
YKBA
YLAA
YLBA
YMAA
YNAA
YOAA
YPAA
YQAA
YRAA
YSAA
YTAA
YUAA
YVAA
YWAA
YXAA
YYAA
YZAA
ZAAA
ZABA
ZBAA
ZBBA
ZFAA
ZFBA
ZGAA
ZGBA
ZHAA
ZHBA
ZWAA
ZXAA
ZYAA
ZZAA
ZIAA
ZIBA
ZJAA
ZJBA
ZKAA
ZKBA
ZLAA
ZLBA
ZMAA
ZNAA
ZOAA
ZPAA
ZQAA
ZRAA
ZSAA
ZTAA
ZUAA
ZVAA
