ZAAA
ZBAA
ZCAA
YAAA
YBAA
YCAA
XAAA
XBAA
XCAA
WAAA
WBAA
WCAA
VAAA
VBAA
VCAA
VDAA
UAAA
UBAA
UCAA
UDAA
TAAA
TBAA
TCAA
TDAA
SAAA
SBAA
SCAA
SDAA
RAAA
RBAA
RCAA
RDAA
QAAA
QBAA
QCAA
QDAA
PAAA
PBAA
PCAA
PDAA
OAAA
OBAA
OCAA
ODAA
NAAA
NBAA
NCAA
NDAA
MAAA
MBAA
MCAA
MDAA
LAAA
LBAA
LCAA
LDAA
KAAA
KBAA
KCAA
KDAA
FBAA
FCAA
FDAA
GAAA
GBAA
GCAA
GDAA
JAAA
JBAA
JCAA
JDAA
IAAA
IBAA
ICAA
IDAA
FAAA
BCAA
BDAA
HAAA
HBAA
HCAA
HDAA
BAAA
BBAA
EAAA
EBAA
ECAA
EDAA
DAAA
DBAA
DCAA
DDAA
CAAA
CBAA
CCAA
CDAA
AAAA
ABAA
ACAA
ADAA
