EBAA
EAAA
DDAA
DCAA
DBAA
DAAA
CDAA
CCAA
CBAA
CAAA
BDAA
BCAA
BBAA
BAAA
ADAA
ACAA
ABAA
AAAA
GDAA
GCAA
GBAA
GAAA
FDAA
FCAA
FBAA
FAAA
EDAA
ECAA
HBAA
HAAA
KAAA
JDAA
JCAA
JBAA
JAAA
IDAA
ICAA
IBAA
IAAA
HDAA
HCAA
KDAA
KCAA
KBAA
NDAA
NCAA
NBAA
NAAA
MDAA
MCAA
MBAA
MAAA
LDAA
LCAA
LBAA
LAAA
PDAA
PCAA
PBAA
PAAA
ODAA
OCAA
OBAA
OAAA
ZCAA
ZBAA
RCAA
RBAA
RAAA
QDAA
QCAA
QBAA
QAAA
UBAA
UAAA
TDAA
TCAA
TBAA
TAAA
SDAA
SCAA
SBAA
SAAA
RDAA
ZAAA
UDAA
UCAA
YCAA
YBAA
YAAA
XCAA
XBAA
XAAA
VDAA
VCAA
VBAA
VAAA
WCAA
WBAA
WAAA
