DDAA
DCAA
DBAA
DAAA
CDAA
CCAA
CBAA
CAAA
BDAA
BCAA
BBAA
BAAA
ADAA
ACAA
HDAA
HCAA
HBAA
HAAA
GDAA
GCAA
GBAA
GAAA
FDAA
FCAA
FBAA
FAAA
EDAA
ECAA
EBAA
EAAA
IAAA
ABAA
AAAA
IDAA
ICAA
IBAA
MCAA
MBAA
MAAA
LDAA
LCAA
LBAA
LAAA
KDAA
KCAA
KBAA
KAAA
JDAA
JCAA
JBAA
JAAA
ZCAA
ZBAA
MDAA
ODAA
NBAA
NAAA
OCAA
OBAA
OAAA
NDAA
NCAA
ZAAA
RBAA
RAAA
QDAA
QCAA
QBAA
QAAA
PDAA
PCAA
PBAA
PAAA
RDAA
RCAA
VBAA
VAAA
UDAA
UCAA
UBAA
UAAA
TDAA
TCAA
TBAA
TAAA
SDAA
SCAA
SBAA
SAAA
YCAA
YBAA
YAAA
XCAA
XBAA
XAAA
WCAA
WBAA
WAAA
VDAA
VCAA
