4.974225435 3.355157421
-24.557321100 -20.559017439
-53.236142918 -61.516619654
-117.671482659 -88.867798648
-103.671482659 -64.619087342
-69.869530139 -128.191314028
-19.015604055 -71.712307291
-72.390229487 10.477408367
-24.299639788 81.774639607
15.081972115 27.570500984
61.824501198 22.657663210
80.850213038 0.771085384
49.948513601 95.876737013
48.310209512 94.729584141
72.015022112 177.398089991
48.874668164 204.975689944
-2.747211108 278.699373930
-7.715088444 335.482471721
-3.807777160 344.687520255
-21.172594926 443.168295557
-49.516239322 419.385153998
-115.175972801 476.462289520
-163.656934826 389.000318806
-186.495571267 399.168734883
-230.624173469 364.691692265
-242.996481458 311.101338702
-210.288329308 289.860416336
-218.101965015 312.552862151
-222.498185339 228.667981231
-202.353092596 249.528835441
-183.285491607 286.951109457
-228.490531513 356.560766597
-166.641560397 352.235865224
