38.140444562 -42.359255052
53.786782183 38.134173990
58.905294606 79.821112359
22.379434418 109.399170739
100.373921943 81.011498843
46.496051498 138.788441271
5.164332672 91.241737717
-17.335667328 52.270594546
-14.009080275 67.920956158
-21.514832583 95.932805120
-13.495773865 100.018719618
54.022063781 27.614703158
47.918933465 16.136384451
-4.273253831 -41.828911937
-54.957405897 -26.333211586
-16.145576846 -16.656335762
-18.552836939 -13.461793722
-38.691089453 -38.330464489
-30.746926244 -113.914128537
-33.655783966 -108.666410294
-99.252262001 -72.305688775
-57.528988546 -89.162985479
-117.195992191 -101.845598619
-183.439922220 -28.274260897
-183.946042007 0.721322263
-129.623183274 -7.882573314
-101.129058733 50.539039695
-123.496774872 17.377536793
-113.884157912 14.621163235
-162.407293280 21.440645182
-230.877625332 6.886826824
-285.576329577 12.635892304
-228.505028663 36.861222270
