-15.128297210 -5.209090471
25.244694020 6.367678473
43.015827313 -70.607556645
12.341437128 -49.917419217
-63.139960855 -81.957371753
-33.509310637 -77.264337802
-18.509310637 -51.283575688
-50.067367584 -41.635309432
-40.659805889 47.871661151
-49.149365048 -12.534691042
-30.564560634 -8.584368917
-115.566033348 14.191707052
-125.465528284 4.292212116
-114.502982792 -0.588627601
-122.743591991 13.126049210
-130.469163115 25.983558721
-133.609320489 85.901330806
-103.016638046 -8.253264307
-132.902478989 -5.638592025
-129.978761942 3.924455535
-36.036024202 7.205008225
-20.303097609 50.430868781
-112.353582954 11.357755932
-135.178939345 18.774163797
-169.593525526 -30.374958860
-189.102457649 -54.466483666
-192.975318411 -128.365069237
-155.304211186 -138.459011996
-128.104102535 -160.485225683
-122.758063389 -157.761282685
-53.413117072 -211.939492513
-106.901811597 -156.550327887
-80.332094860 -219.144657922
