-15.978072556 -0.837375300
-24.387057251 -69.323059763
-65.081449468 -64.326416684
-97.760295737 -59.733704352
-99.760295737 -63.197805967
-89.993251103 -91.563363235
-129.460341176 -105.928209255
-76.511300943 -87.696392605
-120.284456595 -49.644968924
-48.821133677 -40.870376198
-87.587395277 -27.522081866
-6.036599857 -36.093415854
53.379484268 -44.443801911
42.481531977 -60.007690753
67.564531357 -147.482505083
64.697587760 -140.013861671
-12.114844110 -145.385110149
-33.105717081 -157.020541035
-13.354106454 -64.096518966
-27.473972111 -136.736930541
-74.978335909 -157.887235981
-13.513497127 -205.908831056
1.456144611 -276.335458309
-42.064029230 -241.093516410
-122.955493397 -201.640113199
-109.534863714 -181.743211458
-125.336847881 -271.360716982
-166.313407069 -303.375113699
-178.656897367 -320.364470581
-209.399543153 -342.700310168
-289.095119001 -349.672769588
-288.133857305 -349.948406943
-239.864512998 -394.960298708
