-7.484820869 35.213313626
45.372245706 79.565658695
105.794281016 151.573836348
81.643574449 130.579947420
72.653016207 152.832359930
63.213210341 164.489549352
136.015528092 199.997612242
223.948755622 230.275450606
229.948755622 240.667755452
191.646533466 272.807135936
199.088084286 234.523675781
103.599817937 212.478472456
114.970147030 258.082371591
109.934768428 253.219762998
73.561701469 274.219762998
72.428676813 261.269231922
76.249201619 188.369275885
79.041161355 268.320542047
166.489122433 305.439999253
136.744582621 227.952823854
137.644386838 224.055343595
137.026352850 222.153230562
124.898309194 179.857715941
74.015423424 211.652871795
118.099317346 272.329146373
57.477539081 237.329146373
92.192266472 221.873153936
168.221342546 191.155413276
171.193597382 172.389334805
164.124599894 205.646353230
179.761475579 239.179741350
204.632602755 222.403954246
247.883055659 249.429836722
